<?xml version="1.0" encoding="UTF-8" ?>
<testsuite tests="2" failures="1" name="mytest.AppTest" time="0.008" errors="0" skipped="0">
  <properties>
[...]
</properties>
  <testcase classname="mytest.AppTest" name="mytest.AppTest.testApp1" time="0.008">
    <failure message="expected: &lt;eehh&gt; but was: &lt;HeeH&gt;" type="org.opentest4j.AssertionFailedError">org.opentest4j.AssertionFailedError: expected: &lt;eehh&gt; but was: &lt;HeeH&gt;
	at org.junit.jupiter.api.AssertionUtils.fail(AssertionUtils.java:55)
	at org.junit.jupiter.api.AssertionUtils.failNotEqual(AssertionUtils.java:62)
	at org.junit.jupiter.api.AssertEquals.assertEquals(AssertEquals.java:182)
	at org.junit.jupiter.api.AssertEquals.assertEquals(AssertEquals.java:177)
	at org.junit.jupiter.api.Assertions.assertEquals(Assertions.java:1141)
	at mytest.AppTest.testApp1(AppTest.java:20)
</failure>
  </testcase>
  <testcase classname="mytest.AppTest" name="mytest.AppTest.testApp" time="0"/>
</testsuite>